<?xml version="1.0" encoding="UTF-8"?>
<!-- Generated by org.testng.reporters.JUnitReportReporter -->
<testsuite hostname="Reddysekhar" failures="0" tests="1" name="TestCaseDemo.Test3" time="8.785" errors="0" timestamp="2025-03-11T11:31:16 IST" skipped="0">
  <testcase classname="TestCaseDemo.Test3" name="TestMenu" time="8.785"/>
  <system-out/>
</testsuite> <!-- TestCaseDemo.Test3 -->
