<?xml version="1.0" encoding="UTF-8"?>
<!-- Generated by org.testng.reporters.JUnitReportReporter -->
<testsuite hostname="Reddysekhar" failures="0" tests="1" name="TestCaseDemo.test2" time="11.672" errors="0" timestamp="2025-03-11T11:31:16 IST" skipped="0">
  <testcase classname="TestCaseDemo.test2" name="Testloginbutton" time="11.672"/>
  <system-out/>
</testsuite> <!-- TestCaseDemo.test2 -->
