<?xml version="1.0" encoding="UTF-8"?>
<!-- Generated by org.testng.reporters.JUnitReportReporter -->
<testsuite hostname="Reddysekhar" failures="0" tests="1" name="TestCaseDemo.Test1" time="11.866" errors="0" timestamp="2025-03-11T11:31:16 IST" skipped="0">
  <testcase classname="TestCaseDemo.Test1" name="TestTitle" time="11.866"/>
  <system-out>
    <![CDATA[Screenshot taken by name title]]>
  </system-out>
</testsuite> <!-- TestCaseDemo.Test1 -->
